<?xml version="1.0" encoding="UTF-8"?>

<espa_metadata version="1.0.0" xmlns="http://espa.cr.usgs.gov/v1.0" xmlns:xsi="http://www.w3.org/2001/XMLSchema-instance" xsi:schemaLocation="http://espa.cr.usgs.gov/v1.0 http://espa.cr.usgs.gov/static/schema/espa_internal_metadata_v1_0.xsd">
    <global_metadata>
        <data_provider>USGS/EROS</data_provider>
        <satellite>LANDSAT_5</satellite>
        <instrument>TM</instrument>
        <acquisition_date>2002-02-11</acquisition_date>
        <scene_center_time>18:34:40.566000Z</scene_center_time>
        <level1_production_date>2014-01-13T06:49:56</level1_production_date>
        <solar_angles zenith="64.810051" azimuth="150.464523" units="degrees"/>
        <wrs system="2" path="46" row="28"/>
        <lpgs_metadata_file>LT50460282002042EDC01_MTL.txt</lpgs_metadata_file>
        <corner location="UL" latitude="47.018340" longitude="-124.013170"/>
        <corner location="LR" latitude="45.027950" longitude="-120.949910"/>
        <bounding_coordinates>
            <west>-124.013367</west>
            <east>-120.875356</east>
            <north>47.022955</north>
            <south>45.027814</south>
        </bounding_coordinates>
        <projection_information projection="UTM" datum="WGS84" units="meters">
            <corner_point location="UL" x="423000.000000" y="5207700.000000"/>
            <corner_point location="LR" x="661500.000000" y="4988100.000000"/>
            <grid_origin>CENTER</grid_origin>
        </projection_information>
        <orientation_angle>0.000000</orientation_angle>
    </global_metadata>
    <bands>
        <band product="RDD" name="band1" category="image" data_type="UINT8" nlines="7321" nsamps="7951" fill_value="0">
            <short_name>LT5DN</short_name>
            <long_name>band 1 digital numbers</long_name>
            <file_name>LT50460282002042EDC01_B1.img</file_name>
            <pixel_size x="30.000000" y="30.000000" units="meters"/>
            <data_units>digital numbers</data_units>
            <valid_range min="1" max="255"/>
            <toa_reflectance gain="1.448000" bias="-4.288190"/>
            <app_version>LPGS_12.3.1</app_version>
            <production_date>2014-01-13T06:49:56</production_date>
        </band>
    </bands>
</espa_metadata>
